commit 958156b1666d02e21f572d3135e5bb9b26cd73f8
Author: fjoksch <fjoksch@hotmail.com>
Date:   Tue May 2 11:10:28 2017 +0200

    test

 Datei1.txt | 3 ++-
 1 file changed, 2 insertions(+), 1 deletion(-)

commit 0dc0daa651fe9bea01bfd9328cbdf3ba166310a3
Author: fjoksch <fjoksch@hotmail.com>
Date:   Tue May 2 11:00:59 2017 +0200

    V2.1

 Datei2.txt | 1 +
 1 file changed, 1 insertion(+)

commit 4de0efc0b3f08fb1ada7f43aa21b52726be8e3bc
Author: fjoksch <fjoksch@hotmail.com>
Date:   Tue May 2 10:58:02 2017 +0200

    V2

 Datei1.txt | 2 ++
 1 file changed, 2 insertions(+)

commit c24a94813a7954f75e2cedd8ec180c41f4294b31
Author: fjoksch <fjoksch@hotmail.com>
Date:   Tue May 2 10:57:01 2017 +0200

    V1

 Datei1.txt              | 0
 Datei2.txt              | 0
 subdirectory/Datei1.txt | 0
 subdirectory/Datei2.txt | 0
 4 files changed, 0 insertions(+), 0 deletions(-)
